<?xml version="1.0" encoding="UTF-8"?>
<!-- Generated by org.testng.reporters.JUnitReportReporter -->
<testsuite skipped="0" hostname="LAPTOP-B3RPHCVQ" name="java_prep.SumofN" tests="1" failures="0" timestamp="2021-10-13T12:38:27 CDT" time="0.037" errors="0">
  <testcase name="randomNumber" time="0.037" classname="java_prep.SumofN"/>
  <system-out/>
</testsuite> <!-- java_prep.SumofN -->
